<?xml version="1.0" encoding="UTF-8"?>
<testsuites name="Mocha Tests" time="5.380" tests="1" failures="0">
  <testsuite name="Root Suite" timestamp="2025-03-06T10:29:33" tests="0" file="cypress\features\menu.feature" time="0.000" failures="0">
  </testsuite>
  <testsuite name="Menu et déconnexion" timestamp="2025-03-06T10:29:33" tests="1" time="5.371" failures="0">
    <testcase name="Menu et déconnexion je clique sur le menu et je me déconnecte" time="2.818" classname="je clique sur le menu et je me déconnecte">
    </testcase>
  </testsuite>
</testsuites>