<?xml version="1.0" encoding="UTF-8"?>
<testsuites name="Mocha Tests" time="4.100" tests="1" failures="0">
  <testsuite name="Root Suite" timestamp="2025-03-06T10:43:58" tests="0" file="cypress\features\productDetails.feature" time="0.000" failures="0">
  </testsuite>
  <testsuite name="Détails du produit" timestamp="2025-03-06T10:43:58" tests="1" time="4.093" failures="0">
    <testcase name="Détails du produit Vérifier que les détails du produit sont identiques avant et après le clic" time="1.780" classname="Vérifier que les détails du produit sont identiques avant et après le clic">
    </testcase>
  </testsuite>
</testsuites>